

Microchip MPLAB XC8 Assembler V2.50 build 20240725155939 
                                                                                               Tue Feb 11 12:29:51 2025

Microchip MPLAB XC8 C Compiler v2.50 (Free license) build 20240725155939 Og1 
     1                           	processor	16F1719
     2                           	pagewidth 120
     3                           	opt	flic
     4                           	psect	stringtext1,global,class=STRCODE,space=0,delta=2,noexec
     5                           	psect	cinit,global,class=CODE,space=0,merge=1,delta=2
     6                           	psect	cstackCOMMON,global,class=COMMON,space=1,delta=1,noexec
     7                           	psect	maintext,global,class=CODE,space=0,merge=1,split=1,delta=2
     8                           	psect	text1,local,class=CODE,space=0,merge=1,delta=2
     9                           	psect	text2,local,class=CODE,space=0,merge=1,delta=2
    10                           	psect	text3,local,class=CODE,space=0,merge=1,delta=2
    11                           	psect	text4,local,class=CODE,space=0,merge=1,delta=2
    12                           	psect	text5,local,class=CODE,space=0,merge=1,delta=2
    13                           	psect	text6,local,class=CODE,space=0,merge=1,delta=2
    14                           	psect	text7,local,class=CODE,space=0,merge=1,delta=2
    15                           	psect	config,global,abs,ovrld,class=CONFIG,space=4,delta=2,noexec
    16                           	dabs	1,0x7E,2
    17     0000                     
    18                           ; Generated 07/09/2023 GMT
    19                           ; 
    20                           ; Copyright © 2023, Microchip Technology Inc. and its subsidiaries ("Microchip")
    21                           ; All rights reserved.
    22                           ; 
    23                           ; This software is developed by Microchip Technology Inc. and its subsidiaries ("Microch
      +                          ip").
    24                           ; 
    25                           ; Redistribution and use in source and binary forms, with or without modification, are
    26                           ; permitted provided that the following conditions are met:
    27                           ; 
    28                           ;     1. Redistributions of source code must retain the above copyright notice, this lis
      +                          t of
    29                           ;        conditions and the following disclaimer.
    30                           ; 
    31                           ;     2. Redistributions in binary form must reproduce the above copyright notice, this 
      +                          list
    32                           ;        of conditions and the following disclaimer in the documentation and/or other
    33                           ;        materials provided with the distribution. Publication is not required when
    34                           ;        this file is used in an embedded application.
    35                           ; 
    36                           ;     3. Microchip's name may not be used to endorse or promote products derived from th
      +                          is
    37                           ;        software without specific prior written permission.
    38                           ; 
    39                           ; THIS SOFTWARE IS PROVIDED BY MICROCHIP "AS IS" AND ANY EXPRESS OR IMPLIED WARRANTIES,
    40                           ; INCLUDING, BUT NOT LIMITED TO, THE IMPLIED WARRANTIES OF MERCHANTABILITY AND FITNESS F
      +                          OR
    41                           ; PURPOSE ARE DISCLAIMED.  IN NO EVENT SHALL MICROCHIP BE LIABLE FOR ANY DIRECT, INDIREC
      +                          T,
    42                           ; INCIDENTAL, SPECIAL, EXEMPLARY, OR CONSEQUENTIAL DAMAGES (INCLUDING BUT NOT LIMITED TO
    43                           ; PROCUREMENT OF SUBSTITUTE GOODS OR SERVICES; LOSS OF USE, DATA OR PROFITS; OR BUSINESS
    44                           ; INTERRUPTION) HOWSOEVER CAUSED AND ON ANY THEORY OF LIABILITY, WHETHER IN CONTRACT, ST
      +                          RICT
    45                           ; LIABILITY, OR TORT (INCLUDING NEGLIGENCE OR OTHERWISE) ARISING IN ANY WAY OUT OF THE U
      +                          SE OF
    46                           ; THIS SOFTWARE, EVEN IF ADVISED OF THE POSSIBILITY OF SUCH DAMAGE.
    47                           ; 
    48                           ; 
    49                           ; Code-generator required, PIC16F1719 Definitions
    50                           ; 
    51                           ; SFR Addresses
    52     0008                     bsr             equ	8
    53     0005                     fsr0h           equ	5
    54     0004                     fsr0l           equ	4
    55     0007                     fsr1h           equ	7
    56     0006                     fsr1l           equ	6
    57     0000                     indf            equ	0
    58     0000                     indf0           equ	0
    59     0001                     indf1           equ	1
    60     000B                     intcon          equ	11
    61     0002                     pc              equ	2
    62     0002                     pcl             equ	2
    63     000A                     pclath          equ	10
    64     0003                     status          equ	3
    65     0009                     wreg            equ	9
    66     0000                     INDF0           equ	0	;# 
    67     0001                     INDF1           equ	1	;# 
    68     0002                     PCL             equ	2	;# 
    69     0003                     STATUS          equ	3	;# 
    70     0004                     FSR0L           equ	4	;# 
    71     0005                     FSR0H           equ	5	;# 
    72     0006                     FSR1L           equ	6	;# 
    73     0007                     FSR1H           equ	7	;# 
    74     0008                     BSR             equ	8	;# 
    75     0009                     WREG            equ	9	;# 
    76     000A                     PCLATH          equ	10	;# 
    77     000B                     INTCON          equ	11	;# 
    78     000C                     PORTA           equ	12	;# 
    79     000D                     PORTB           equ	13	;# 
    80     000E                     PORTC           equ	14	;# 
    81     000F                     PORTD           equ	15	;# 
    82     0010                     PORTE           equ	16	;# 
    83     0011                     PIR1            equ	17	;# 
    84     0012                     PIR2            equ	18	;# 
    85     0013                     PIR3            equ	19	;# 
    86     0015                     TMR0            equ	21	;# 
    87     0016                     TMR1            equ	22	;# 
    88     0016                     TMR1L           equ	22	;# 
    89     0017                     TMR1H           equ	23	;# 
    90     0018                     T1CON           equ	24	;# 
    91     0019                     T1GCON          equ	25	;# 
    92     001A                     TMR2            equ	26	;# 
    93     001B                     PR2             equ	27	;# 
    94     001C                     T2CON           equ	28	;# 
    95     008C                     TRISA           equ	140	;# 
    96     008D                     TRISB           equ	141	;# 
    97     008E                     TRISC           equ	142	;# 
    98     008F                     TRISD           equ	143	;# 
    99     0090                     TRISE           equ	144	;# 
   100     0091                     PIE1            equ	145	;# 
   101     0092                     PIE2            equ	146	;# 
   102     0093                     PIE3            equ	147	;# 
   103     0095                     OPTION_REG      equ	149	;# 
   104     0096                     PCON            equ	150	;# 
   105     0097                     WDTCON          equ	151	;# 
   106     0098                     OSCTUNE         equ	152	;# 
   107     0099                     OSCCON          equ	153	;# 
   108     009A                     OSCSTAT         equ	154	;# 
   109     009B                     ADRES           equ	155	;# 
   110     009B                     ADRESL          equ	155	;# 
   111     009C                     ADRESH          equ	156	;# 
   112     009D                     ADCON0          equ	157	;# 
   113     009E                     ADCON1          equ	158	;# 
   114     009F                     ADCON2          equ	159	;# 
   115     010C                     LATA            equ	268	;# 
   116     010D                     LATB            equ	269	;# 
   117     010E                     LATC            equ	270	;# 
   118     010F                     LATD            equ	271	;# 
   119     0110                     LATE            equ	272	;# 
   120     0111                     CM1CON0         equ	273	;# 
   121     0112                     CM1CON1         equ	274	;# 
   122     0113                     CM2CON0         equ	275	;# 
   123     0114                     CM2CON1         equ	276	;# 
   124     0115                     CMOUT           equ	277	;# 
   125     0116                     BORCON          equ	278	;# 
   126     0117                     FVRCON          equ	279	;# 
   127     0118                     DAC1CON0        equ	280	;# 
   128     0119                     DAC1CON1        equ	281	;# 
   129     011A                     DAC2CON0        equ	282	;# 
   130     011B                     DAC2REF         equ	283	;# 
   131     011B                     DAC2CON1        equ	283	;# 
   132     011C                     ZCD1CON         equ	284	;# 
   133     018C                     ANSELA          equ	396	;# 
   134     018D                     ANSELB          equ	397	;# 
   135     018E                     ANSELC          equ	398	;# 
   136     018F                     ANSELD          equ	399	;# 
   137     0190                     ANSELE          equ	400	;# 
   138     0191                     PMADR           equ	401	;# 
   139     0191                     PMADRL          equ	401	;# 
   140     0192                     PMADRH          equ	402	;# 
   141     0193                     PMDAT           equ	403	;# 
   142     0193                     PMDATL          equ	403	;# 
   143     0194                     PMDATH          equ	404	;# 
   144     0195                     PMCON1          equ	405	;# 
   145     0196                     PMCON2          equ	406	;# 
   146     0197                     VREGCON         equ	407	;# 
   147     0199                     RC1REG          equ	409	;# 
   148     0199                     RCREG           equ	409	;# 
   149     0199                     RCREG1          equ	409	;# 
   150     019A                     TX1REG          equ	410	;# 
   151     019A                     TXREG1          equ	410	;# 
   152     019A                     TXREG           equ	410	;# 
   153     019B                     SP1BRG          equ	411	;# 
   154     019B                     SPBRG           equ	411	;# 
   155     019B                     SP1BRGL         equ	411	;# 
   156     019B                     SPBRG1          equ	411	;# 
   157     019B                     SPBRGL          equ	411	;# 
   158     019C                     SP1BRGH         equ	412	;# 
   159     019C                     SPBRGH          equ	412	;# 
   160     019C                     SPBRGH1         equ	412	;# 
   161     019D                     RC1STA          equ	413	;# 
   162     019D                     RCSTA1          equ	413	;# 
   163     019D                     RCSTA           equ	413	;# 
   164     019E                     TX1STA          equ	414	;# 
   165     019E                     TXSTA1          equ	414	;# 
   166     019E                     TXSTA           equ	414	;# 
   167     019F                     BAUD1CON        equ	415	;# 
   168     019F                     BAUDCON1        equ	415	;# 
   169     019F                     BAUDCTL1        equ	415	;# 
   170     019F                     BAUDCON         equ	415	;# 
   171     019F                     BAUDCTL         equ	415	;# 
   172     020C                     WPUA            equ	524	;# 
   173     020D                     WPUB            equ	525	;# 
   174     020E                     WPUC            equ	526	;# 
   175     020F                     WPUD            equ	527	;# 
   176     0210                     WPUE            equ	528	;# 
   177     0211                     SSP1BUF         equ	529	;# 
   178     0211                     SSPBUF          equ	529	;# 
   179     0212                     SSP1ADD         equ	530	;# 
   180     0212                     SSPADD          equ	530	;# 
   181     0213                     SSP1MSK         equ	531	;# 
   182     0213                     SSPMSK          equ	531	;# 
   183     0214                     SSP1STAT        equ	532	;# 
   184     0214                     SSPSTAT         equ	532	;# 
   185     0215                     SSP1CON1        equ	533	;# 
   186     0215                     SSPCON          equ	533	;# 
   187     0215                     SSPCON1         equ	533	;# 
   188     0215                     SSP1CON         equ	533	;# 
   189     0216                     SSP1CON2        equ	534	;# 
   190     0216                     SSPCON2         equ	534	;# 
   191     0217                     SSP1CON3        equ	535	;# 
   192     0217                     SSPCON3         equ	535	;# 
   193     028C                     ODCONA          equ	652	;# 
   194     028D                     ODCONB          equ	653	;# 
   195     028E                     ODCONC          equ	654	;# 
   196     028F                     ODCOND          equ	655	;# 
   197     0290                     ODCONE          equ	656	;# 
   198     0291                     CCPR1           equ	657	;# 
   199     0291                     CCPR1L          equ	657	;# 
   200     0292                     CCPR1H          equ	658	;# 
   201     0293                     CCP1CON         equ	659	;# 
   202     0293                     ECCP1CON        equ	659	;# 
   203     0298                     CCPR2           equ	664	;# 
   204     0298                     CCPR2L          equ	664	;# 
   205     0299                     CCPR2H          equ	665	;# 
   206     029A                     CCP2CON         equ	666	;# 
   207     029A                     ECCP2CON        equ	666	;# 
   208     029E                     CCPTMRS         equ	670	;# 
   209     030C                     SLRCONA         equ	780	;# 
   210     030D                     SLRCONB         equ	781	;# 
   211     030E                     SLRCONC         equ	782	;# 
   212     030F                     SLRCOND         equ	783	;# 
   213     0310                     SLRCONE         equ	784	;# 
   214     038C                     INLVLA          equ	908	;# 
   215     038D                     INLVLB          equ	909	;# 
   216     038E                     INLVLC          equ	910	;# 
   217     038F                     INLVLD          equ	911	;# 
   218     0390                     INLVLE          equ	912	;# 
   219     0391                     IOCAP           equ	913	;# 
   220     0392                     IOCAN           equ	914	;# 
   221     0393                     IOCAF           equ	915	;# 
   222     0394                     IOCBP           equ	916	;# 
   223     0395                     IOCBN           equ	917	;# 
   224     0396                     IOCBF           equ	918	;# 
   225     0397                     IOCCP           equ	919	;# 
   226     0398                     IOCCN           equ	920	;# 
   227     0399                     IOCCF           equ	921	;# 
   228     039D                     IOCEP           equ	925	;# 
   229     039E                     IOCEN           equ	926	;# 
   230     039F                     IOCEF           equ	927	;# 
   231     0415                     TMR4            equ	1045	;# 
   232     0416                     PR4             equ	1046	;# 
   233     0417                     T4CON           equ	1047	;# 
   234     041C                     TMR6            equ	1052	;# 
   235     041D                     PR6             equ	1053	;# 
   236     041E                     T6CON           equ	1054	;# 
   237     0498                     NCO1ACC         equ	1176	;# 
   238     0498                     NCO1ACCL        equ	1176	;# 
   239     0499                     NCO1ACCH        equ	1177	;# 
   240     049A                     NCO1ACCU        equ	1178	;# 
   241     049B                     NCO1INC         equ	1179	;# 
   242     049B                     NCO1INCL        equ	1179	;# 
   243     049C                     NCO1INCH        equ	1180	;# 
   244     049D                     NCO1INCU        equ	1181	;# 
   245     049E                     NCO1CON         equ	1182	;# 
   246     049F                     NCO1CLK         equ	1183	;# 
   247     0511                     OPA1CON         equ	1297	;# 
   248     0515                     OPA2CON         equ	1301	;# 
   249     0617                     PWM3DCL         equ	1559	;# 
   250     0618                     PWM3DCH         equ	1560	;# 
   251     0619                     PWM3CON         equ	1561	;# 
   252     0619                     PWM3CON0        equ	1561	;# 
   253     061A                     PWM4DCL         equ	1562	;# 
   254     061B                     PWM4DCH         equ	1563	;# 
   255     061C                     PWM4CON         equ	1564	;# 
   256     061C                     PWM4CON0        equ	1564	;# 
   257     0691                     COG1PHR         equ	1681	;# 
   258     0692                     COG1PHF         equ	1682	;# 
   259     0693                     COG1BLKR        equ	1683	;# 
   260     0694                     COG1BLKF        equ	1684	;# 
   261     0695                     COG1DBR         equ	1685	;# 
   262     0696                     COG1DBF         equ	1686	;# 
   263     0697                     COG1CON0        equ	1687	;# 
   264     0698                     COG1CON1        equ	1688	;# 
   265     0699                     COG1RIS         equ	1689	;# 
   266     069A                     COG1RSIM        equ	1690	;# 
   267     069B                     COG1FIS         equ	1691	;# 
   268     069C                     COG1FSIM        equ	1692	;# 
   269     069D                     COG1ASD0        equ	1693	;# 
   270     069E                     COG1ASD1        equ	1694	;# 
   271     069F                     COG1STR         equ	1695	;# 
   272     0E0F                     PPSLOCK         equ	3599	;# 
   273     0E10                     INTPPS          equ	3600	;# 
   274     0E11                     T0CKIPPS        equ	3601	;# 
   275     0E12                     T1CKIPPS        equ	3602	;# 
   276     0E13                     T1GPPS          equ	3603	;# 
   277     0E14                     CCP1PPS         equ	3604	;# 
   278     0E15                     CCP2PPS         equ	3605	;# 
   279     0E17                     COGINPPS        equ	3607	;# 
   280     0E20                     SSPCLKPPS       equ	3616	;# 
   281     0E21                     SSPDATPPS       equ	3617	;# 
   282     0E22                     SSPSSPPS        equ	3618	;# 
   283     0E24                     RXPPS           equ	3620	;# 
   284     0E25                     CKPPS           equ	3621	;# 
   285     0E28                     CLCIN0PPS       equ	3624	;# 
   286     0E29                     CLCIN1PPS       equ	3625	;# 
   287     0E2A                     CLCIN2PPS       equ	3626	;# 
   288     0E2B                     CLCIN3PPS       equ	3627	;# 
   289     0E90                     RA0PPS          equ	3728	;# 
   290     0E91                     RA1PPS          equ	3729	;# 
   291     0E92                     RA2PPS          equ	3730	;# 
   292     0E93                     RA3PPS          equ	3731	;# 
   293     0E94                     RA4PPS          equ	3732	;# 
   294     0E95                     RA5PPS          equ	3733	;# 
   295     0E96                     RA6PPS          equ	3734	;# 
   296     0E97                     RA7PPS          equ	3735	;# 
   297     0E98                     RB0PPS          equ	3736	;# 
   298     0E99                     RB1PPS          equ	3737	;# 
   299     0E9A                     RB2PPS          equ	3738	;# 
   300     0E9B                     RB3PPS          equ	3739	;# 
   301     0E9C                     RB4PPS          equ	3740	;# 
   302     0E9D                     RB5PPS          equ	3741	;# 
   303     0E9E                     RB6PPS          equ	3742	;# 
   304     0E9F                     RB7PPS          equ	3743	;# 
   305     0EA0                     RC0PPS          equ	3744	;# 
   306     0EA1                     RC1PPS          equ	3745	;# 
   307     0EA2                     RC2PPS          equ	3746	;# 
   308     0EA3                     RC3PPS          equ	3747	;# 
   309     0EA4                     RC4PPS          equ	3748	;# 
   310     0EA5                     RC5PPS          equ	3749	;# 
   311     0EA6                     RC6PPS          equ	3750	;# 
   312     0EA7                     RC7PPS          equ	3751	;# 
   313     0EA8                     RD0PPS          equ	3752	;# 
   314     0EA9                     RD1PPS          equ	3753	;# 
   315     0EAA                     RD2PPS          equ	3754	;# 
   316     0EAB                     RD3PPS          equ	3755	;# 
   317     0EAC                     RD4PPS          equ	3756	;# 
   318     0EAD                     RD5PPS          equ	3757	;# 
   319     0EAE                     RD6PPS          equ	3758	;# 
   320     0EAF                     RD7PPS          equ	3759	;# 
   321     0EB0                     RE0PPS          equ	3760	;# 
   322     0EB1                     RE1PPS          equ	3761	;# 
   323     0EB2                     RE2PPS          equ	3762	;# 
   324     0F0F                     CLCDATA         equ	3855	;# 
   325     0F10                     CLC1CON         equ	3856	;# 
   326     0F11                     CLC1POL         equ	3857	;# 
   327     0F12                     CLC1SEL0        equ	3858	;# 
   328     0F13                     CLC1SEL1        equ	3859	;# 
   329     0F14                     CLC1SEL2        equ	3860	;# 
   330     0F15                     CLC1SEL3        equ	3861	;# 
   331     0F16                     CLC1GLS0        equ	3862	;# 
   332     0F17                     CLC1GLS1        equ	3863	;# 
   333     0F18                     CLC1GLS2        equ	3864	;# 
   334     0F19                     CLC1GLS3        equ	3865	;# 
   335     0F1A                     CLC2CON         equ	3866	;# 
   336     0F1B                     CLC2POL         equ	3867	;# 
   337     0F1C                     CLC2SEL0        equ	3868	;# 
   338     0F1D                     CLC2SEL1        equ	3869	;# 
   339     0F1E                     CLC2SEL2        equ	3870	;# 
   340     0F1F                     CLC2SEL3        equ	3871	;# 
   341     0F20                     CLC2GLS0        equ	3872	;# 
   342     0F21                     CLC2GLS1        equ	3873	;# 
   343     0F22                     CLC2GLS2        equ	3874	;# 
   344     0F23                     CLC2GLS3        equ	3875	;# 
   345     0F24                     CLC3CON         equ	3876	;# 
   346     0F25                     CLC3POL         equ	3877	;# 
   347     0F26                     CLC3SEL0        equ	3878	;# 
   348     0F27                     CLC3SEL1        equ	3879	;# 
   349     0F28                     CLC3SEL2        equ	3880	;# 
   350     0F29                     CLC3SEL3        equ	3881	;# 
   351     0F2A                     CLC3GLS0        equ	3882	;# 
   352     0F2B                     CLC3GLS1        equ	3883	;# 
   353     0F2C                     CLC3GLS2        equ	3884	;# 
   354     0F2D                     CLC3GLS3        equ	3885	;# 
   355     0F2E                     CLC4CON         equ	3886	;# 
   356     0F2F                     CLC4POL         equ	3887	;# 
   357     0F30                     CLC4SEL0        equ	3888	;# 
   358     0F31                     CLC4SEL1        equ	3889	;# 
   359     0F32                     CLC4SEL2        equ	3890	;# 
   360     0F33                     CLC4SEL3        equ	3891	;# 
   361     0F34                     CLC4GLS0        equ	3892	;# 
   362     0F35                     CLC4GLS1        equ	3893	;# 
   363     0F36                     CLC4GLS2        equ	3894	;# 
   364     0F37                     CLC4GLS3        equ	3895	;# 
   365     0FE4                     STATUS_SHAD     equ	4068	;# 
   366     0FE5                     WREG_SHAD       equ	4069	;# 
   367     0FE6                     BSR_SHAD        equ	4070	;# 
   368     0FE7                     PCLATH_SHAD     equ	4071	;# 
   369     0FE8                     FSR0L_SHAD      equ	4072	;# 
   370     0FE9                     FSR0H_SHAD      equ	4073	;# 
   371     0FEA                     FSR1L_SHAD      equ	4074	;# 
   372     0FEB                     FSR1H_SHAD      equ	4075	;# 
   373     0FED                     STKPTR          equ	4077	;# 
   374     0FEE                     TOSL            equ	4078	;# 
   375     0FEF                     TOSH            equ	4079	;# 
   376     0000                     INDF0           equ	0	;# 
   377     0001                     INDF1           equ	1	;# 
   378     0002                     PCL             equ	2	;# 
   379     0003                     STATUS          equ	3	;# 
   380     0004                     FSR0L           equ	4	;# 
   381     0005                     FSR0H           equ	5	;# 
   382     0006                     FSR1L           equ	6	;# 
   383     0007                     FSR1H           equ	7	;# 
   384     0008                     BSR             equ	8	;# 
   385     0009                     WREG            equ	9	;# 
   386     000A                     PCLATH          equ	10	;# 
   387     000B                     INTCON          equ	11	;# 
   388     000C                     PORTA           equ	12	;# 
   389     000D                     PORTB           equ	13	;# 
   390     000E                     PORTC           equ	14	;# 
   391     000F                     PORTD           equ	15	;# 
   392     0010                     PORTE           equ	16	;# 
   393     0011                     PIR1            equ	17	;# 
   394     0012                     PIR2            equ	18	;# 
   395     0013                     PIR3            equ	19	;# 
   396     0015                     TMR0            equ	21	;# 
   397     0016                     TMR1            equ	22	;# 
   398     0016                     TMR1L           equ	22	;# 
   399     0017                     TMR1H           equ	23	;# 
   400     0018                     T1CON           equ	24	;# 
   401     0019                     T1GCON          equ	25	;# 
   402     001A                     TMR2            equ	26	;# 
   403     001B                     PR2             equ	27	;# 
   404     001C                     T2CON           equ	28	;# 
   405     008C                     TRISA           equ	140	;# 
   406     008D                     TRISB           equ	141	;# 
   407     008E                     TRISC           equ	142	;# 
   408     008F                     TRISD           equ	143	;# 
   409     0090                     TRISE           equ	144	;# 
   410     0091                     PIE1            equ	145	;# 
   411     0092                     PIE2            equ	146	;# 
   412     0093                     PIE3            equ	147	;# 
   413     0095                     OPTION_REG      equ	149	;# 
   414     0096                     PCON            equ	150	;# 
   415     0097                     WDTCON          equ	151	;# 
   416     0098                     OSCTUNE         equ	152	;# 
   417     0099                     OSCCON          equ	153	;# 
   418     009A                     OSCSTAT         equ	154	;# 
   419     009B                     ADRES           equ	155	;# 
   420     009B                     ADRESL          equ	155	;# 
   421     009C                     ADRESH          equ	156	;# 
   422     009D                     ADCON0          equ	157	;# 
   423     009E                     ADCON1          equ	158	;# 
   424     009F                     ADCON2          equ	159	;# 
   425     010C                     LATA            equ	268	;# 
   426     010D                     LATB            equ	269	;# 
   427     010E                     LATC            equ	270	;# 
   428     010F                     LATD            equ	271	;# 
   429     0110                     LATE            equ	272	;# 
   430     0111                     CM1CON0         equ	273	;# 
   431     0112                     CM1CON1         equ	274	;# 
   432     0113                     CM2CON0         equ	275	;# 
   433     0114                     CM2CON1         equ	276	;# 
   434     0115                     CMOUT           equ	277	;# 
   435     0116                     BORCON          equ	278	;# 
   436     0117                     FVRCON          equ	279	;# 
   437     0118                     DAC1CON0        equ	280	;# 
   438     0119                     DAC1CON1        equ	281	;# 
   439     011A                     DAC2CON0        equ	282	;# 
   440     011B                     DAC2REF         equ	283	;# 
   441     011B                     DAC2CON1        equ	283	;# 
   442     011C                     ZCD1CON         equ	284	;# 
   443     018C                     ANSELA          equ	396	;# 
   444     018D                     ANSELB          equ	397	;# 
   445     018E                     ANSELC          equ	398	;# 
   446     018F                     ANSELD          equ	399	;# 
   447     0190                     ANSELE          equ	400	;# 
   448     0191                     PMADR           equ	401	;# 
   449     0191                     PMADRL          equ	401	;# 
   450     0192                     PMADRH          equ	402	;# 
   451     0193                     PMDAT           equ	403	;# 
   452     0193                     PMDATL          equ	403	;# 
   453     0194                     PMDATH          equ	404	;# 
   454     0195                     PMCON1          equ	405	;# 
   455     0196                     PMCON2          equ	406	;# 
   456     0197                     VREGCON         equ	407	;# 
   457     0199                     RC1REG          equ	409	;# 
   458     0199                     RCREG           equ	409	;# 
   459     0199                     RCREG1          equ	409	;# 
   460     019A                     TX1REG          equ	410	;# 
   461     019A                     TXREG1          equ	410	;# 
   462     019A                     TXREG           equ	410	;# 
   463     019B                     SP1BRG          equ	411	;# 
   464     019B                     SPBRG           equ	411	;# 
   465     019B                     SP1BRGL         equ	411	;# 
   466     019B                     SPBRG1          equ	411	;# 
   467     019B                     SPBRGL          equ	411	;# 
   468     019C                     SP1BRGH         equ	412	;# 
   469     019C                     SPBRGH          equ	412	;# 
   470     019C                     SPBRGH1         equ	412	;# 
   471     019D                     RC1STA          equ	413	;# 
   472     019D                     RCSTA1          equ	413	;# 
   473     019D                     RCSTA           equ	413	;# 
   474     019E                     TX1STA          equ	414	;# 
   475     019E                     TXSTA1          equ	414	;# 
   476     019E                     TXSTA           equ	414	;# 
   477     019F                     BAUD1CON        equ	415	;# 
   478     019F                     BAUDCON1        equ	415	;# 
   479     019F                     BAUDCTL1        equ	415	;# 
   480     019F                     BAUDCON         equ	415	;# 
   481     019F                     BAUDCTL         equ	415	;# 
   482     020C                     WPUA            equ	524	;# 
   483     020D                     WPUB            equ	525	;# 
   484     020E                     WPUC            equ	526	;# 
   485     020F                     WPUD            equ	527	;# 
   486     0210                     WPUE            equ	528	;# 
   487     0211                     SSP1BUF         equ	529	;# 
   488     0211                     SSPBUF          equ	529	;# 
   489     0212                     SSP1ADD         equ	530	;# 
   490     0212                     SSPADD          equ	530	;# 
   491     0213                     SSP1MSK         equ	531	;# 
   492     0213                     SSPMSK          equ	531	;# 
   493     0214                     SSP1STAT        equ	532	;# 
   494     0214                     SSPSTAT         equ	532	;# 
   495     0215                     SSP1CON1        equ	533	;# 
   496     0215                     SSPCON          equ	533	;# 
   497     0215                     SSPCON1         equ	533	;# 
   498     0215                     SSP1CON         equ	533	;# 
   499     0216                     SSP1CON2        equ	534	;# 
   500     0216                     SSPCON2         equ	534	;# 
   501     0217                     SSP1CON3        equ	535	;# 
   502     0217                     SSPCON3         equ	535	;# 
   503     028C                     ODCONA          equ	652	;# 
   504     028D                     ODCONB          equ	653	;# 
   505     028E                     ODCONC          equ	654	;# 
   506     028F                     ODCOND          equ	655	;# 
   507     0290                     ODCONE          equ	656	;# 
   508     0291                     CCPR1           equ	657	;# 
   509     0291                     CCPR1L          equ	657	;# 
   510     0292                     CCPR1H          equ	658	;# 
   511     0293                     CCP1CON         equ	659	;# 
   512     0293                     ECCP1CON        equ	659	;# 
   513     0298                     CCPR2           equ	664	;# 
   514     0298                     CCPR2L          equ	664	;# 
   515     0299                     CCPR2H          equ	665	;# 
   516     029A                     CCP2CON         equ	666	;# 
   517     029A                     ECCP2CON        equ	666	;# 
   518     029E                     CCPTMRS         equ	670	;# 
   519     030C                     SLRCONA         equ	780	;# 
   520     030D                     SLRCONB         equ	781	;# 
   521     030E                     SLRCONC         equ	782	;# 
   522     030F                     SLRCOND         equ	783	;# 
   523     0310                     SLRCONE         equ	784	;# 
   524     038C                     INLVLA          equ	908	;# 
   525     038D                     INLVLB          equ	909	;# 
   526     038E                     INLVLC          equ	910	;# 
   527     038F                     INLVLD          equ	911	;# 
   528     0390                     INLVLE          equ	912	;# 
   529     0391                     IOCAP           equ	913	;# 
   530     0392                     IOCAN           equ	914	;# 
   531     0393                     IOCAF           equ	915	;# 
   532     0394                     IOCBP           equ	916	;# 
   533     0395                     IOCBN           equ	917	;# 
   534     0396                     IOCBF           equ	918	;# 
   535     0397                     IOCCP           equ	919	;# 
   536     0398                     IOCCN           equ	920	;# 
   537     0399                     IOCCF           equ	921	;# 
   538     039D                     IOCEP           equ	925	;# 
   539     039E                     IOCEN           equ	926	;# 
   540     039F                     IOCEF           equ	927	;# 
   541     0415                     TMR4            equ	1045	;# 
   542     0416                     PR4             equ	1046	;# 
   543     0417                     T4CON           equ	1047	;# 
   544     041C                     TMR6            equ	1052	;# 
   545     041D                     PR6             equ	1053	;# 
   546     041E                     T6CON           equ	1054	;# 
   547     0498                     NCO1ACC         equ	1176	;# 
   548     0498                     NCO1ACCL        equ	1176	;# 
   549     0499                     NCO1ACCH        equ	1177	;# 
   550     049A                     NCO1ACCU        equ	1178	;# 
   551     049B                     NCO1INC         equ	1179	;# 
   552     049B                     NCO1INCL        equ	1179	;# 
   553     049C                     NCO1INCH        equ	1180	;# 
   554     049D                     NCO1INCU        equ	1181	;# 
   555     049E                     NCO1CON         equ	1182	;# 
   556     049F                     NCO1CLK         equ	1183	;# 
   557     0511                     OPA1CON         equ	1297	;# 
   558     0515                     OPA2CON         equ	1301	;# 
   559     0617                     PWM3DCL         equ	1559	;# 
   560     0618                     PWM3DCH         equ	1560	;# 
   561     0619                     PWM3CON         equ	1561	;# 
   562     0619                     PWM3CON0        equ	1561	;# 
   563     061A                     PWM4DCL         equ	1562	;# 
   564     061B                     PWM4DCH         equ	1563	;# 
   565     061C                     PWM4CON         equ	1564	;# 
   566     061C                     PWM4CON0        equ	1564	;# 
   567     0691                     COG1PHR         equ	1681	;# 
   568     0692                     COG1PHF         equ	1682	;# 
   569     0693                     COG1BLKR        equ	1683	;# 
   570     0694                     COG1BLKF        equ	1684	;# 
   571     0695                     COG1DBR         equ	1685	;# 
   572     0696                     COG1DBF         equ	1686	;# 
   573     0697                     COG1CON0        equ	1687	;# 
   574     0698                     COG1CON1        equ	1688	;# 
   575     0699                     COG1RIS         equ	1689	;# 
   576     069A                     COG1RSIM        equ	1690	;# 
   577     069B                     COG1FIS         equ	1691	;# 
   578     069C                     COG1FSIM        equ	1692	;# 
   579     069D                     COG1ASD0        equ	1693	;# 
   580     069E                     COG1ASD1        equ	1694	;# 
   581     069F                     COG1STR         equ	1695	;# 
   582     0E0F                     PPSLOCK         equ	3599	;# 
   583     0E10                     INTPPS          equ	3600	;# 
   584     0E11                     T0CKIPPS        equ	3601	;# 
   585     0E12                     T1CKIPPS        equ	3602	;# 
   586     0E13                     T1GPPS          equ	3603	;# 
   587     0E14                     CCP1PPS         equ	3604	;# 
   588     0E15                     CCP2PPS         equ	3605	;# 
   589     0E17                     COGINPPS        equ	3607	;# 
   590     0E20                     SSPCLKPPS       equ	3616	;# 
   591     0E21                     SSPDATPPS       equ	3617	;# 
   592     0E22                     SSPSSPPS        equ	3618	;# 
   593     0E24                     RXPPS           equ	3620	;# 
   594     0E25                     CKPPS           equ	3621	;# 
   595     0E28                     CLCIN0PPS       equ	3624	;# 
   596     0E29                     CLCIN1PPS       equ	3625	;# 
   597     0E2A                     CLCIN2PPS       equ	3626	;# 
   598     0E2B                     CLCIN3PPS       equ	3627	;# 
   599     0E90                     RA0PPS          equ	3728	;# 
   600     0E91                     RA1PPS          equ	3729	;# 
   601     0E92                     RA2PPS          equ	3730	;# 
   602     0E93                     RA3PPS          equ	3731	;# 
   603     0E94                     RA4PPS          equ	3732	;# 
   604     0E95                     RA5PPS          equ	3733	;# 
   605     0E96                     RA6PPS          equ	3734	;# 
   606     0E97                     RA7PPS          equ	3735	;# 
   607     0E98                     RB0PPS          equ	3736	;# 
   608     0E99                     RB1PPS          equ	3737	;# 
   609     0E9A                     RB2PPS          equ	3738	;# 
   610     0E9B                     RB3PPS          equ	3739	;# 
   611     0E9C                     RB4PPS          equ	3740	;# 
   612     0E9D                     RB5PPS          equ	3741	;# 
   613     0E9E                     RB6PPS          equ	3742	;# 
   614     0E9F                     RB7PPS          equ	3743	;# 
   615     0EA0                     RC0PPS          equ	3744	;# 
   616     0EA1                     RC1PPS          equ	3745	;# 
   617     0EA2                     RC2PPS          equ	3746	;# 
   618     0EA3                     RC3PPS          equ	3747	;# 
   619     0EA4                     RC4PPS          equ	3748	;# 
   620     0EA5                     RC5PPS          equ	3749	;# 
   621     0EA6                     RC6PPS          equ	3750	;# 
   622     0EA7                     RC7PPS          equ	3751	;# 
   623     0EA8                     RD0PPS          equ	3752	;# 
   624     0EA9                     RD1PPS          equ	3753	;# 
   625     0EAA                     RD2PPS          equ	3754	;# 
   626     0EAB                     RD3PPS          equ	3755	;# 
   627     0EAC                     RD4PPS          equ	3756	;# 
   628     0EAD                     RD5PPS          equ	3757	;# 
   629     0EAE                     RD6PPS          equ	3758	;# 
   630     0EAF                     RD7PPS          equ	3759	;# 
   631     0EB0                     RE0PPS          equ	3760	;# 
   632     0EB1                     RE1PPS          equ	3761	;# 
   633     0EB2                     RE2PPS          equ	3762	;# 
   634     0F0F                     CLCDATA         equ	3855	;# 
   635     0F10                     CLC1CON         equ	3856	;# 
   636     0F11                     CLC1POL         equ	3857	;# 
   637     0F12                     CLC1SEL0        equ	3858	;# 
   638     0F13                     CLC1SEL1        equ	3859	;# 
   639     0F14                     CLC1SEL2        equ	3860	;# 
   640     0F15                     CLC1SEL3        equ	3861	;# 
   641     0F16                     CLC1GLS0        equ	3862	;# 
   642     0F17                     CLC1GLS1        equ	3863	;# 
   643     0F18                     CLC1GLS2        equ	3864	;# 
   644     0F19                     CLC1GLS3        equ	3865	;# 
   645     0F1A                     CLC2CON         equ	3866	;# 
   646     0F1B                     CLC2POL         equ	3867	;# 
   647     0F1C                     CLC2SEL0        equ	3868	;# 
   648     0F1D                     CLC2SEL1        equ	3869	;# 
   649     0F1E                     CLC2SEL2        equ	3870	;# 
   650     0F1F                     CLC2SEL3        equ	3871	;# 
   651     0F20                     CLC2GLS0        equ	3872	;# 
   652     0F21                     CLC2GLS1        equ	3873	;# 
   653     0F22                     CLC2GLS2        equ	3874	;# 
   654     0F23                     CLC2GLS3        equ	3875	;# 
   655     0F24                     CLC3CON         equ	3876	;# 
   656     0F25                     CLC3POL         equ	3877	;# 
   657     0F26                     CLC3SEL0        equ	3878	;# 
   658     0F27                     CLC3SEL1        equ	3879	;# 
   659     0F28                     CLC3SEL2        equ	3880	;# 
   660     0F29                     CLC3SEL3        equ	3881	;# 
   661     0F2A                     CLC3GLS0        equ	3882	;# 
   662     0F2B                     CLC3GLS1        equ	3883	;# 
   663     0F2C                     CLC3GLS2        equ	3884	;# 
   664     0F2D                     CLC3GLS3        equ	3885	;# 
   665     0F2E                     CLC4CON         equ	3886	;# 
   666     0F2F                     CLC4POL         equ	3887	;# 
   667     0F30                     CLC4SEL0        equ	3888	;# 
   668     0F31                     CLC4SEL1        equ	3889	;# 
   669     0F32                     CLC4SEL2        equ	3890	;# 
   670     0F33                     CLC4SEL3        equ	3891	;# 
   671     0F34                     CLC4GLS0        equ	3892	;# 
   672     0F35                     CLC4GLS1        equ	3893	;# 
   673     0F36                     CLC4GLS2        equ	3894	;# 
   674     0F37                     CLC4GLS3        equ	3895	;# 
   675     0FE4                     STATUS_SHAD     equ	4068	;# 
   676     0FE5                     WREG_SHAD       equ	4069	;# 
   677     0FE6                     BSR_SHAD        equ	4070	;# 
   678     0FE7                     PCLATH_SHAD     equ	4071	;# 
   679     0FE8                     FSR0L_SHAD      equ	4072	;# 
   680     0FE9                     FSR0H_SHAD      equ	4073	;# 
   681     0FEA                     FSR1L_SHAD      equ	4074	;# 
   682     0FEB                     FSR1H_SHAD      equ	4075	;# 
   683     0FED                     STKPTR          equ	4077	;# 
   684     0FEE                     TOSL            equ	4078	;# 
   685     0FEF                     TOSH            equ	4079	;# 
   686                           
   687                           	psect	stringtext1
   688     0800                     __pstringtext1:
   689     0800                     main@table:
   690     0800  3448               	retlw	72
   691     0801  3465               	retlw	101
   692     0802  346C               	retlw	108
   693     0803  346C               	retlw	108
   694     0804  346F               	retlw	111
   695     0805  342C               	retlw	44
   696     0806  3420               	retlw	32
   697     0807  3457               	retlw	87
   698     0808  346F               	retlw	111
   699     0809  3472               	retlw	114
   700     080A  346C               	retlw	108
   701     080B  3464               	retlw	100
   702     080C  3420               	retlw	32
   703     080D  3421               	retlw	33
   704     080E  340A               	retlw	10
   705     080F  340D               	retlw	13
   706     0810  3400               	retlw	0
   707     0811                     __end_ofmain@table:
   708     008C                     _TXIF           set	140
   709     008E                     _TRISCbits      set	142
   710     010E                     _LATC           set	270
   711     019D                     _RC1STAbits     set	413
   712     019B                     _SP1BRGL        set	411
   713     019C                     _SP1BRGH        set	412
   714     019F                     _BAUD1CONbits   set	415
   715     019E                     _TX1STAbits     set	414
   716     018E                     _ANSELCbits     set	398
   717     019A                     _TX1REG         set	410
   718     0E24                     _RXPPS          set	3620
   719     0EA6                     _RC6PPS         set	3750
   720                           
   721                           	psect	cinit
   722     07FD                     start_initialization:	
   723                           ; #config settings
   724                           
   725     07FD                     __initialization:
   726     07FD                     end_of_initialization:	
   727                           ;End of C runtime variable initialization code
   728                           
   729     07FD                     __end_of__initialization:
   730     07FD  0020               	movlb	0
   731     07FE  3187  2FDD         	ljmp	_main	;jump to C main() function
   732                           
   733                           	psect	cstackCOMMON
   734     0070                     __pcstackCOMMON:
   735     0070                     ?_config_logicielle:
   736     0070                     ?_UART_SendChar:	
   737                           ; 1 bytes @ 0x0
   738                           
   739     0070                     ?_main:	
   740                           ; 1 bytes @ 0x0
   741                           
   742     0070                     ?_assign_pins:	
   743                           ; 1 bytes @ 0x0
   744                           
   745     0070                     ?_config_pins:	
   746                           ; 1 bytes @ 0x0
   747                           
   748     0070                     ?_transmission_speed:	
   749                           ; 1 bytes @ 0x0
   750                           
   751     0070                     ?_activate_eusart:	
   752                           ; 1 bytes @ 0x0
   753                           
   754     0070                     UART_SendChar@c:	
   755                           ; 1 bytes @ 0x0
   756                           
   757     0070                     ??_config_logicielle:	
   758                           ; 1 bytes @ 0x0
   759                           
   760     0070                     ??_UART_SendChar:	
   761                           ; 1 bytes @ 0x0
   762                           
   763     0070                     ??_assign_pins:	
   764                           ; 1 bytes @ 0x0
   765                           
   766     0070                     ??_config_pins:	
   767                           ; 1 bytes @ 0x0
   768                           
   769     0070                     ??_transmission_speed:	
   770                           ; 1 bytes @ 0x0
   771                           
   772     0070                     ??_activate_eusart:	
   773                           ; 1 bytes @ 0x0
   774                           
   775                           
   776                           ; 1 bytes @ 0x0
   777     0070                     	ds	1
   778     0071                     ?_UART_SendString:
   779     0071                     UART_SendString@table:	
   780                           ; 1 bytes @ 0x1
   781                           
   782                           
   783                           ; 2 bytes @ 0x1
   784     0071                     	ds	2
   785     0073                     UART_SendString@len:
   786                           
   787                           ; 2 bytes @ 0x3
   788     0073                     	ds	2
   789     0075                     ??_UART_SendString:
   790                           
   791                           ; 1 bytes @ 0x5
   792     0075                     	ds	1
   793     0076                     UART_SendString@i:
   794                           
   795                           ; 2 bytes @ 0x6
   796     0076                     	ds	2
   797     0078                     ??_main:
   798                           
   799                           ; 1 bytes @ 0x8
   800     0078                     	ds	2
   801     007A                     main@len:
   802                           
   803                           ; 2 bytes @ 0xA
   804     007A                     	ds	2
   805                           
   806                           	psect	maintext
   807     07DD                     __pmaintext:	
   808 ;;
   809 ;;Main: autosize = 0, tempsize = 2, incstack = 0, save=0
   810 ;;
   811 ;; *************** function _main *****************
   812 ;; Defined at:
   813 ;;		line 36 in file "main.c"
   814 ;; Parameters:    Size  Location     Type
   815 ;;		None
   816 ;; Auto vars:     Size  Location     Type
   817 ;;  len             2   10[COMMON] int 
   818 ;; Return value:  Size  Location     Type
   819 ;;                  1    wreg      void 
   820 ;; Registers used:
   821 ;;		wreg, fsr0l, fsr0h, status,2, status,0, pclath, cstack
   822 ;; Tracked objects:
   823 ;;		On entry : B1F/0
   824 ;;		On exit  : 0/0
   825 ;;		Unchanged: 0/0
   826 ;; Data sizes:     COMMON   BANK0   BANK1   BANK2   BANK3   BANK4   BANK5   BANK6   BANK7   BANK8   BANK9  BANK10  BANK1
      +1  BANK12  BANK13  BANK14  BANK15  BANK16  BANK17  BANK18  BANK19  BANK20  BANK21  BANK22  BANK23  BANK24  BANK25
   827 ;;      Params:         0       0       0       0       0       0       0       0       0       0       0       0       
      +0       0       0       0       0       0       0       0       0       0       0       0       0       0       0
   828 ;;      Locals:         2       0       0       0       0       0       0       0       0       0       0       0       
      +0       0       0       0       0       0       0       0       0       0       0       0       0       0       0
   829 ;;      Temps:          2       0       0       0       0       0       0       0       0       0       0       0       
      +0       0       0       0       0       0       0       0       0       0       0       0       0       0       0
   830 ;;      Totals:         4       0       0       0       0       0       0       0       0       0       0       0       
      +0       0       0       0       0       0       0       0       0       0       0       0       0       0       0
   831 ;;Total ram usage:        4 bytes
   832 ;; Hardware stack levels required when called: 2
   833 ;; This function calls:
   834 ;;		_UART_SendString
   835 ;;		_config_logicielle
   836 ;; This function is called by:
   837 ;;		Startup code after reset
   838 ;; This function uses a non-reentrant model
   839 ;;
   840                           
   841     07DD                     _main:	
   842                           ;psect for function _main
   843                           
   844     07DD                     l636:	
   845                           ;incstack = 0
   846                           ; Regs used in _main: [wreg-fsr0h+status,2+status,0+pclath+cstack]
   847                           
   848                           
   849                           ;main.c: 37:     config_logicielle();
   850     07DD  3187  27B0  3187   	fcall	_config_logicielle
   851     07E0                     l638:
   852                           
   853                           ;main.c: 38:     const char table[] = "Hello, World !\n\r";;main.c: 39:     int len = si
      +                          zeof(table)-1;
   854     07E0  3010               	movlw	16
   855     07E1  00FA               	movwf	main@len
   856     07E2  3000               	movlw	0
   857     07E3  00FB               	movwf	main@len+1
   858     07E4                     l640:
   859                           
   860                           ;main.c: 42:         UART_SendString(table,len);
   861     07E4  3000               	movlw	low (main@table| (0+32768))
   862     07E5  00F1               	movwf	UART_SendString@table
   863     07E6  3088               	movlw	high (main@table| (0+32768))
   864     07E7  00F2               	movwf	UART_SendString@table+1
   865     07E8  087B               	movf	main@len+1,w
   866     07E9  00F4               	movwf	UART_SendString@len+1
   867     07EA  087A               	movf	main@len,w
   868     07EB  00F3               	movwf	UART_SendString@len
   869     07EC  3187  27BD  3187   	fcall	_UART_SendString
   870     07EF                     l642:
   871                           
   872                           ;main.c: 43:         _delay((unsigned long)((1000)*(8000000/4000.0)));
   873     07EF  300B               	movlw	11
   874     07F0  00F9               	movwf	??_main+1
   875     07F1  3026               	movlw	38
   876     07F2  00F8               	movwf	??_main
   877     07F3  305E               	movlw	94
   878     07F4                     u47:
   879     07F4  0B89               	decfsz	9,f
   880     07F5  2FF4               	goto	u47
   881     07F6  0BF8               	decfsz	??_main,f
   882     07F7  2FF4               	goto	u47
   883     07F8  0BF9               	decfsz	??_main+1,f
   884     07F9  2FF4               	goto	u47
   885     07FA  2FE4               	goto	l640
   886     07FB  3180  2802         	ljmp	start
   887     07FD                     __end_of_main:
   888                           
   889                           	psect	text1
   890     07B0                     __ptext1:	
   891 ;; *************** function _config_logicielle *****************
   892 ;; Defined at:
   893 ;;		line 53 in file "config_logicielle_microcontroleur.c"
   894 ;; Parameters:    Size  Location     Type
   895 ;;		None
   896 ;; Auto vars:     Size  Location     Type
   897 ;;		None
   898 ;; Return value:  Size  Location     Type
   899 ;;                  1    wreg      void 
   900 ;; Registers used:
   901 ;;		status,2, status,0, pclath, cstack
   902 ;; Tracked objects:
   903 ;;		On entry : 0/0
   904 ;;		On exit  : 0/0
   905 ;;		Unchanged: 0/0
   906 ;; Data sizes:     COMMON   BANK0   BANK1   BANK2   BANK3   BANK4   BANK5   BANK6   BANK7   BANK8   BANK9  BANK10  BANK1
      +1  BANK12  BANK13  BANK14  BANK15  BANK16  BANK17  BANK18  BANK19  BANK20  BANK21  BANK22  BANK23  BANK24  BANK25
   907 ;;      Params:         0       0       0       0       0       0       0       0       0       0       0       0       
      +0       0       0       0       0       0       0       0       0       0       0       0       0       0       0
   908 ;;      Locals:         0       0       0       0       0       0       0       0       0       0       0       0       
      +0       0       0       0       0       0       0       0       0       0       0       0       0       0       0
   909 ;;      Temps:          0       0       0       0       0       0       0       0       0       0       0       0       
      +0       0       0       0       0       0       0       0       0       0       0       0       0       0       0
   910 ;;      Totals:         0       0       0       0       0       0       0       0       0       0       0       0       
      +0       0       0       0       0       0       0       0       0       0       0       0       0       0       0
   911 ;;Total ram usage:        0 bytes
   912 ;; Hardware stack levels used: 1
   913 ;; Hardware stack levels required when called: 1
   914 ;; This function calls:
   915 ;;		_activate_eusart
   916 ;;		_assign_pins
   917 ;;		_config_pins
   918 ;;		_transmission_speed
   919 ;; This function is called by:
   920 ;;		_main
   921 ;; This function uses a non-reentrant model
   922 ;;
   923                           
   924     07B0                     _config_logicielle:	
   925                           ;psect for function _config_logicielle
   926                           
   927     07B0                     l618:	
   928                           ;incstack = 0
   929                           ; Regs used in _config_logicielle: [status,2+status,0+pclath+cstack]
   930                           
   931                           
   932                           ;config_logicielle_microcontroleur.c: 54:     assign_pins();
   933     07B0  3187  278C  3187   	fcall	_assign_pins
   934                           
   935                           ;config_logicielle_microcontroleur.c: 55:     config_pins();
   936     07B3  3187  27A5  3187   	fcall	_config_pins
   937                           
   938                           ;config_logicielle_microcontroleur.c: 56:     transmission_speed();
   939     07B6  3187  2793  3187   	fcall	_transmission_speed
   940                           
   941                           ;config_logicielle_microcontroleur.c: 57:     activate_eusart();
   942     07B9  3187  2787  3187   	fcall	_activate_eusart
   943     07BC                     l68:
   944     07BC  0008               	return
   945     07BD                     __end_of_config_logicielle:
   946                           
   947                           	psect	text2
   948     0793                     __ptext2:	
   949 ;; *************** function _transmission_speed *****************
   950 ;; Defined at:
   951 ;;		line 30 in file "config_logicielle_microcontroleur.c"
   952 ;; Parameters:    Size  Location     Type
   953 ;;		None
   954 ;; Auto vars:     Size  Location     Type
   955 ;;		None
   956 ;; Return value:  Size  Location     Type
   957 ;;                  1    wreg      void 
   958 ;; Registers used:
   959 ;;		status,2
   960 ;; Tracked objects:
   961 ;;		On entry : 0/0
   962 ;;		On exit  : 0/0
   963 ;;		Unchanged: 0/0
   964 ;; Data sizes:     COMMON   BANK0   BANK1   BANK2   BANK3   BANK4   BANK5   BANK6   BANK7   BANK8   BANK9  BANK10  BANK1
      +1  BANK12  BANK13  BANK14  BANK15  BANK16  BANK17  BANK18  BANK19  BANK20  BANK21  BANK22  BANK23  BANK24  BANK25
   965 ;;      Params:         0       0       0       0       0       0       0       0       0       0       0       0       
      +0       0       0       0       0       0       0       0       0       0       0       0       0       0       0
   966 ;;      Locals:         0       0       0       0       0       0       0       0       0       0       0       0       
      +0       0       0       0       0       0       0       0       0       0       0       0       0       0       0
   967 ;;      Temps:          0       0       0       0       0       0       0       0       0       0       0       0       
      +0       0       0       0       0       0       0       0       0       0       0       0       0       0       0
   968 ;;      Totals:         0       0       0       0       0       0       0       0       0       0       0       0       
      +0       0       0       0       0       0       0       0       0       0       0       0       0       0       0
   969 ;;Total ram usage:        0 bytes
   970 ;; Hardware stack levels used: 1
   971 ;; This function calls:
   972 ;;		Nothing
   973 ;; This function is called by:
   974 ;;		_config_logicielle
   975 ;; This function uses a non-reentrant model
   976 ;;
   977                           
   978     0793                     _transmission_speed:	
   979                           ;psect for function _transmission_speed
   980                           
   981     0793                     l602:	
   982                           ;incstack = 0
   983                           ; Regs used in _transmission_speed: [status,2]
   984                           
   985                           
   986                           ;config_logicielle_microcontroleur.c: 31:     TX1STAbits.SYNC = 0;
   987     0793  0023               	movlb	3	; select bank3
   988     0794  121E               	bcf	30,4	;volatile
   989                           
   990                           ;config_logicielle_microcontroleur.c: 32:     TX1STAbits.BRGH = 0;
   991     0795  111E               	bcf	30,2	;volatile
   992                           
   993                           ;config_logicielle_microcontroleur.c: 33:     BAUD1CONbits.BRG16 = 1;
   994     0796  159F               	bsf	31,3	;volatile
   995     0797                     l604:
   996                           
   997                           ;config_logicielle_microcontroleur.c: 39:     SP1BRGH = 0;
   998     0797  019C               	clrf	28	;volatile
   999     0798                     l606:
  1000                           
  1001                           ;config_logicielle_microcontroleur.c: 40:     SP1BRGL = 0b00110011;
  1002     0798  3033               	movlw	51
  1003     0799  009B               	movwf	27	;volatile
  1004     079A                     l59:
  1005     079A  0008               	return
  1006     079B                     __end_of_transmission_speed:
  1007                           
  1008                           	psect	text3
  1009     07A5                     __ptext3:	
  1010 ;; *************** function _config_pins *****************
  1011 ;; Defined at:
  1012 ;;		line 19 in file "config_logicielle_microcontroleur.c"
  1013 ;; Parameters:    Size  Location     Type
  1014 ;;		None
  1015 ;; Auto vars:     Size  Location     Type
  1016 ;;		None
  1017 ;; Return value:  Size  Location     Type
  1018 ;;                  1    wreg      void 
  1019 ;; Registers used:
  1020 ;;		None
  1021 ;; Tracked objects:
  1022 ;;		On entry : 0/0
  1023 ;;		On exit  : 0/0
  1024 ;;		Unchanged: 0/0
  1025 ;; Data sizes:     COMMON   BANK0   BANK1   BANK2   BANK3   BANK4   BANK5   BANK6   BANK7   BANK8   BANK9  BANK10  BANK1
      +1  BANK12  BANK13  BANK14  BANK15  BANK16  BANK17  BANK18  BANK19  BANK20  BANK21  BANK22  BANK23  BANK24  BANK25
  1026 ;;      Params:         0       0       0       0       0       0       0       0       0       0       0       0       
      +0       0       0       0       0       0       0       0       0       0       0       0       0       0       0
  1027 ;;      Locals:         0       0       0       0       0       0       0       0       0       0       0       0       
      +0       0       0       0       0       0       0       0       0       0       0       0       0       0       0
  1028 ;;      Temps:          0       0       0       0       0       0       0       0       0       0       0       0       
      +0       0       0       0       0       0       0       0       0       0       0       0       0       0       0
  1029 ;;      Totals:         0       0       0       0       0       0       0       0       0       0       0       0       
      +0       0       0       0       0       0       0       0       0       0       0       0       0       0       0
  1030 ;;Total ram usage:        0 bytes
  1031 ;; Hardware stack levels used: 1
  1032 ;; This function calls:
  1033 ;;		Nothing
  1034 ;; This function is called by:
  1035 ;;		_config_logicielle
  1036 ;; This function uses a non-reentrant model
  1037 ;;
  1038                           
  1039     07A5                     _config_pins:	
  1040                           ;psect for function _config_pins
  1041                           
  1042     07A5                     l600:	
  1043                           ;incstack = 0
  1044                           ; Regs used in _config_pins: []
  1045                           
  1046                           
  1047                           ;config_logicielle_microcontroleur.c: 21:     TRISCbits.TRISC7 = 1;
  1048     07A5  0021               	movlb	1	; select bank1
  1049     07A6  178E               	bsf	14,7	;volatile
  1050                           
  1051                           ;config_logicielle_microcontroleur.c: 22:     ANSELCbits.ANSC7 = 0;
  1052     07A7  0023               	movlb	3	; select bank3
  1053     07A8  138E               	bcf	14,7	;volatile
  1054                           
  1055                           ;config_logicielle_microcontroleur.c: 23:     ANSELCbits.ANSC6 = 0;
  1056     07A9  130E               	bcf	14,6	;volatile
  1057                           
  1058                           ;config_logicielle_microcontroleur.c: 26:     TRISCbits.TRISC6 = 0;
  1059     07AA  0021               	movlb	1	; select bank1
  1060     07AB  130E               	bcf	14,6	;volatile
  1061                           
  1062                           ;config_logicielle_microcontroleur.c: 27:     LATC = 0b10000000;
  1063     07AC  3080               	movlw	128
  1064     07AD  0022               	movlb	2	; select bank2
  1065     07AE  008E               	movwf	14	;volatile
  1066     07AF                     l56:
  1067     07AF  0008               	return
  1068     07B0                     __end_of_config_pins:
  1069                           
  1070                           	psect	text4
  1071     078C                     __ptext4:	
  1072 ;; *************** function _assign_pins *****************
  1073 ;; Defined at:
  1074 ;;		line 13 in file "config_logicielle_microcontroleur.c"
  1075 ;; Parameters:    Size  Location     Type
  1076 ;;		None
  1077 ;; Auto vars:     Size  Location     Type
  1078 ;;		None
  1079 ;; Return value:  Size  Location     Type
  1080 ;;                  1    wreg      void 
  1081 ;; Registers used:
  1082 ;;		None
  1083 ;; Tracked objects:
  1084 ;;		On entry : 0/0
  1085 ;;		On exit  : 0/0
  1086 ;;		Unchanged: 0/0
  1087 ;; Data sizes:     COMMON   BANK0   BANK1   BANK2   BANK3   BANK4   BANK5   BANK6   BANK7   BANK8   BANK9  BANK10  BANK1
      +1  BANK12  BANK13  BANK14  BANK15  BANK16  BANK17  BANK18  BANK19  BANK20  BANK21  BANK22  BANK23  BANK24  BANK25
  1088 ;;      Params:         0       0       0       0       0       0       0       0       0       0       0       0       
      +0       0       0       0       0       0       0       0       0       0       0       0       0       0       0
  1089 ;;      Locals:         0       0       0       0       0       0       0       0       0       0       0       0       
      +0       0       0       0       0       0       0       0       0       0       0       0       0       0       0
  1090 ;;      Temps:          0       0       0       0       0       0       0       0       0       0       0       0       
      +0       0       0       0       0       0       0       0       0       0       0       0       0       0       0
  1091 ;;      Totals:         0       0       0       0       0       0       0       0       0       0       0       0       
      +0       0       0       0       0       0       0       0       0       0       0       0       0       0       0
  1092 ;;Total ram usage:        0 bytes
  1093 ;; Hardware stack levels used: 1
  1094 ;; This function calls:
  1095 ;;		Nothing
  1096 ;; This function is called by:
  1097 ;;		_config_logicielle
  1098 ;; This function uses a non-reentrant model
  1099 ;;
  1100                           
  1101     078C                     _assign_pins:	
  1102                           ;psect for function _assign_pins
  1103                           
  1104     078C                     l598:	
  1105                           ;incstack = 0
  1106                           ; Regs used in _assign_pins: []
  1107                           
  1108                           
  1109                           ;config_logicielle_microcontroleur.c: 15:     RC6PPS = 0b10100;
  1110     078C  3014               	movlw	20
  1111     078D  003D               	movlb	29	; select bank29
  1112     078E  00A6               	movwf	38	;volatile
  1113                           
  1114                           ;config_logicielle_microcontroleur.c: 16:     RXPPS = 0b10111;
  1115     078F  3017               	movlw	23
  1116     0790  003C               	movlb	28	; select bank28
  1117     0791  00A4               	movwf	36	;volatile
  1118     0792                     l53:
  1119     0792  0008               	return
  1120     0793                     __end_of_assign_pins:
  1121                           
  1122                           	psect	text5
  1123     0787                     __ptext5:	
  1124 ;; *************** function _activate_eusart *****************
  1125 ;; Defined at:
  1126 ;;		line 43 in file "config_logicielle_microcontroleur.c"
  1127 ;; Parameters:    Size  Location     Type
  1128 ;;		None
  1129 ;; Auto vars:     Size  Location     Type
  1130 ;;		None
  1131 ;; Return value:  Size  Location     Type
  1132 ;;                  1    wreg      void 
  1133 ;; Registers used:
  1134 ;;		None
  1135 ;; Tracked objects:
  1136 ;;		On entry : 0/0
  1137 ;;		On exit  : 0/0
  1138 ;;		Unchanged: 0/0
  1139 ;; Data sizes:     COMMON   BANK0   BANK1   BANK2   BANK3   BANK4   BANK5   BANK6   BANK7   BANK8   BANK9  BANK10  BANK1
      +1  BANK12  BANK13  BANK14  BANK15  BANK16  BANK17  BANK18  BANK19  BANK20  BANK21  BANK22  BANK23  BANK24  BANK25
  1140 ;;      Params:         0       0       0       0       0       0       0       0       0       0       0       0       
      +0       0       0       0       0       0       0       0       0       0       0       0       0       0       0
  1141 ;;      Locals:         0       0       0       0       0       0       0       0       0       0       0       0       
      +0       0       0       0       0       0       0       0       0       0       0       0       0       0       0
  1142 ;;      Temps:          0       0       0       0       0       0       0       0       0       0       0       0       
      +0       0       0       0       0       0       0       0       0       0       0       0       0       0       0
  1143 ;;      Totals:         0       0       0       0       0       0       0       0       0       0       0       0       
      +0       0       0       0       0       0       0       0       0       0       0       0       0       0       0
  1144 ;;Total ram usage:        0 bytes
  1145 ;; Hardware stack levels used: 1
  1146 ;; This function calls:
  1147 ;;		Nothing
  1148 ;; This function is called by:
  1149 ;;		_config_logicielle
  1150 ;; This function uses a non-reentrant model
  1151 ;;
  1152                           
  1153     0787                     _activate_eusart:	
  1154                           ;psect for function _activate_eusart
  1155                           
  1156     0787                     l608:	
  1157                           ;incstack = 0
  1158                           ; Regs used in _activate_eusart: []
  1159                           
  1160                           
  1161                           ;config_logicielle_microcontroleur.c: 44:     RC1STAbits.SPEN = 1;
  1162     0787  0023               	movlb	3	; select bank3
  1163     0788  179D               	bsf	29,7	;volatile
  1164                           
  1165                           ;config_logicielle_microcontroleur.c: 45:     RC1STAbits.CREN = 1;
  1166     0789  161D               	bsf	29,4	;volatile
  1167                           
  1168                           ;config_logicielle_microcontroleur.c: 46:     TX1STAbits.TXEN = 1;
  1169     078A  169E               	bsf	30,5	;volatile
  1170     078B                     l62:
  1171     078B  0008               	return
  1172     078C                     __end_of_activate_eusart:
  1173                           
  1174                           	psect	text6
  1175     07BD                     __ptext6:	
  1176 ;; *************** function _UART_SendString *****************
  1177 ;; Defined at:
  1178 ;;		line 23 in file "main.c"
  1179 ;; Parameters:    Size  Location     Type
  1180 ;;  table           2    1[COMMON] PTR const unsigned char 
  1181 ;;		 -> main@table(17), 
  1182 ;;  len             2    3[COMMON] int 
  1183 ;; Auto vars:     Size  Location     Type
  1184 ;;  i               2    6[COMMON] int 
  1185 ;; Return value:  Size  Location     Type
  1186 ;;                  1    wreg      void 
  1187 ;; Registers used:
  1188 ;;		wreg, fsr0l, fsr0h, status,2, status,0, pclath, cstack
  1189 ;; Tracked objects:
  1190 ;;		On entry : 0/0
  1191 ;;		On exit  : 0/0
  1192 ;;		Unchanged: 0/0
  1193 ;; Data sizes:     COMMON   BANK0   BANK1   BANK2   BANK3   BANK4   BANK5   BANK6   BANK7   BANK8   BANK9  BANK10  BANK1
      +1  BANK12  BANK13  BANK14  BANK15  BANK16  BANK17  BANK18  BANK19  BANK20  BANK21  BANK22  BANK23  BANK24  BANK25
  1194 ;;      Params:         4       0       0       0       0       0       0       0       0       0       0       0       
      +0       0       0       0       0       0       0       0       0       0       0       0       0       0       0
  1195 ;;      Locals:         2       0       0       0       0       0       0       0       0       0       0       0       
      +0       0       0       0       0       0       0       0       0       0       0       0       0       0       0
  1196 ;;      Temps:          1       0       0       0       0       0       0       0       0       0       0       0       
      +0       0       0       0       0       0       0       0       0       0       0       0       0       0       0
  1197 ;;      Totals:         7       0       0       0       0       0       0       0       0       0       0       0       
      +0       0       0       0       0       0       0       0       0       0       0       0       0       0       0
  1198 ;;Total ram usage:        7 bytes
  1199 ;; Hardware stack levels used: 1
  1200 ;; Hardware stack levels required when called: 1
  1201 ;; This function calls:
  1202 ;;		_UART_SendChar
  1203 ;; This function is called by:
  1204 ;;		_main
  1205 ;; This function uses a non-reentrant model
  1206 ;;
  1207                           
  1208     07BD                     _UART_SendString:	
  1209                           ;psect for function _UART_SendString
  1210                           
  1211     07BD                     l628:	
  1212                           ;incstack = 0
  1213                           ; Regs used in _UART_SendString: [wreg-fsr0h+status,2+status,0+pclath+cstack]
  1214                           
  1215                           
  1216                           ;main.c: 24:     for(int i=0;i<len;i++){
  1217     07BD  01F6               	clrf	UART_SendString@i
  1218     07BE  01F7               	clrf	UART_SendString@i+1
  1219     07BF  2FCE               	goto	l634
  1220     07C0                     l630:
  1221                           
  1222                           ;main.c: 25:         UART_SendChar(table[i]);
  1223     07C0  0871               	movf	UART_SendString@table,w
  1224     07C1  0776               	addwf	UART_SendString@i,w
  1225     07C2  0084               	movwf	4
  1226     07C3  0872               	movf	UART_SendString@table+1,w
  1227     07C4  3D77               	addwfc	UART_SendString@i+1,w
  1228     07C5  0085               	movwf	5
  1229     07C6  0800               	movf	0,w	;code access
  1230     07C7  3187  279B  3187   	fcall	_UART_SendChar
  1231     07CA                     l632:
  1232                           
  1233                           ;main.c: 26:     }
  1234     07CA  3001               	movlw	1
  1235     07CB  07F6               	addwf	UART_SendString@i,f
  1236     07CC  3000               	movlw	0
  1237     07CD  3DF7               	addwfc	UART_SendString@i+1,f
  1238     07CE                     l634:
  1239     07CE  0877               	movf	UART_SendString@i+1,w
  1240     07CF  3A80               	xorlw	128
  1241     07D0  00F5               	movwf	??_UART_SendString
  1242     07D1  0874               	movf	UART_SendString@len+1,w
  1243     07D2  3A80               	xorlw	128
  1244     07D3  0275               	subwf	??_UART_SendString,w
  1245     07D4  1D03               	skipz
  1246     07D5  2FD8               	goto	u35
  1247     07D6  0873               	movf	UART_SendString@len,w
  1248     07D7  0276               	subwf	UART_SendString@i,w
  1249     07D8                     u35:
  1250     07D8  1C03               	skipc
  1251     07D9  2FDB               	goto	u31
  1252     07DA  2FDC               	goto	u30
  1253     07DB                     u31:
  1254     07DB  2FC0               	goto	l630
  1255     07DC                     u30:
  1256     07DC                     l20:
  1257     07DC  0008               	return
  1258     07DD                     __end_of_UART_SendString:
  1259                           
  1260                           	psect	text7
  1261     079B                     __ptext7:	
  1262 ;; *************** function _UART_SendChar *****************
  1263 ;; Defined at:
  1264 ;;		line 17 in file "main.c"
  1265 ;; Parameters:    Size  Location     Type
  1266 ;;  c               1    wreg     unsigned char 
  1267 ;; Auto vars:     Size  Location     Type
  1268 ;;  c               1    0[COMMON] unsigned char 
  1269 ;; Return value:  Size  Location     Type
  1270 ;;                  1    wreg      void 
  1271 ;; Registers used:
  1272 ;;		wreg
  1273 ;; Tracked objects:
  1274 ;;		On entry : 0/0
  1275 ;;		On exit  : 0/0
  1276 ;;		Unchanged: 0/0
  1277 ;; Data sizes:     COMMON   BANK0   BANK1   BANK2   BANK3   BANK4   BANK5   BANK6   BANK7   BANK8   BANK9  BANK10  BANK1
      +1  BANK12  BANK13  BANK14  BANK15  BANK16  BANK17  BANK18  BANK19  BANK20  BANK21  BANK22  BANK23  BANK24  BANK25
  1278 ;;      Params:         0       0       0       0       0       0       0       0       0       0       0       0       
      +0       0       0       0       0       0       0       0       0       0       0       0       0       0       0
  1279 ;;      Locals:         1       0       0       0       0       0       0       0       0       0       0       0       
      +0       0       0       0       0       0       0       0       0       0       0       0       0       0       0
  1280 ;;      Temps:          0       0       0       0       0       0       0       0       0       0       0       0       
      +0       0       0       0       0       0       0       0       0       0       0       0       0       0       0
  1281 ;;      Totals:         1       0       0       0       0       0       0       0       0       0       0       0       
      +0       0       0       0       0       0       0       0       0       0       0       0       0       0       0
  1282 ;;Total ram usage:        1 bytes
  1283 ;; Hardware stack levels used: 1
  1284 ;; This function calls:
  1285 ;;		Nothing
  1286 ;; This function is called by:
  1287 ;;		_UART_SendString
  1288 ;; This function uses a non-reentrant model
  1289 ;;
  1290                           
  1291     079B                     _UART_SendChar:	
  1292                           ;psect for function _UART_SendChar
  1293                           
  1294                           
  1295                           ;incstack = 0
  1296                           ; Regs used in _UART_SendChar: [wreg]
  1297                           ;UART_SendChar@c stored from wreg
  1298     079B  00F0               	movwf	UART_SendChar@c
  1299     079C                     l594:
  1300     079C                     l11:	
  1301                           ;main.c: 18:     while (!TXIF);
  1302                           
  1303     079C  0020               	movlb	0	; select bank0
  1304     079D  1E11               	btfss	17,4	;volatile
  1305     079E  2FA0               	goto	u11
  1306     079F  2FA1               	goto	u10
  1307     07A0                     u11:
  1308     07A0  2F9C               	goto	l11
  1309     07A1                     u10:
  1310     07A1                     l596:
  1311                           
  1312                           ;main.c: 19:     TX1REG = c;
  1313     07A1  0870               	movf	UART_SendChar@c,w
  1314     07A2  0023               	movlb	3	; select bank3
  1315     07A3  009A               	movwf	26	;volatile
  1316     07A4                     l14:
  1317     07A4  0008               	return
  1318     07A5                     __end_of_UART_SendChar:
  1319     0003                     ___latbits      equ	3
  1320     007E                     btemp           set	126	;btemp
  1321     007E                     wtemp0          set	126
  1322                           
  1323                           	psect	config
  1324                           
  1325                           ;Config register CONFIG1 @ 0x8007
  1326                           ;	Oscillator Selection Bits
  1327                           ;	FOSC = HS, HS Oscillator, High-speed crystal/resonator connected between OSC1 and OSC2
      +                           pins
  1328                           ;	Watchdog Timer Enable
  1329                           ;	WDTE = SWDTEN, WDT controlled by the SWDTEN bit in the WDTCON register
  1330                           ;	Power-up Timer Enable
  1331                           ;	PWRTE = OFF, PWRT disabled
  1332                           ;	MCLR Pin Function Select
  1333                           ;	MCLRE = ON, MCLR/VPP pin function is MCLR
  1334                           ;	Flash Program Memory Code Protection
  1335                           ;	CP = OFF, Program memory code protection is disabled
  1336                           ;	Brown-out Reset Enable
  1337                           ;	BOREN = ON, Brown-out Reset enabled
  1338                           ;	Clock Out Enable
  1339                           ;	CLKOUTEN = OFF, CLKOUT function is disabled. I/O or oscillator function on the CLKOUT 
      +                          pin
  1340                           ;	Internal/External Switchover Mode
  1341                           ;	IESO = ON, Internal/External Switchover Mode is enabled
  1342                           ;	Fail-Safe Clock Monitor Enable
  1343                           ;	FCMEN = ON, Fail-Safe Clock Monitor is enabled
  1344     8007                     	org	32775
  1345     8007  3FEA               	dw	16362
  1346                           
  1347                           ;Config register CONFIG2 @ 0x8008
  1348                           ;	Flash Memory Self-Write Protection
  1349                           ;	WRT = OFF, Write protection off
  1350                           ;	Peripheral Pin Select one-way control
  1351                           ;	PPS1WAY = OFF, The PPSLOCK bit can be set and cleared repeatedly by software
  1352                           ;	Zero-cross detect disable
  1353                           ;	ZCDDIS = ON, ZCD disabled. ZCD can be enabled by setting the ZCDSEN bit of ZCDCON
  1354                           ;	Phase Lock Loop enable
  1355                           ;	PLLEN = OFF, 4x PLL is disabled
  1356                           ;	Stack Overflow/Underflow Reset Enable
  1357                           ;	STVREN = ON, Stack Overflow or Underflow will cause a Reset
  1358                           ;	Brown-out Reset Voltage Selection
  1359                           ;	BORV = LO, Brown-out Reset Voltage (Vbor), low trip point selected.
  1360                           ;	Low-Power Brown Out Reset
  1361                           ;	LPBOR = OFF, Low-Power BOR is disabled
  1362                           ;	In-Circuit Debugger Mode
  1363                           ;	DEBUG = 0x1, unprogrammed default
  1364                           ;	Low-Voltage Programming Enable
  1365                           ;	LVP = OFF, High-voltage on MCLR/VPP must be used for programming
  1366     8008                     	org	32776
  1367     8008  1EFB               	dw	7931

Data Sizes:
    Strings     0
    Constant    17
    Data        0
    BSS         0
    Persistent  32
    Stack       0

Auto Spaces:
    Space          Size  Autos    Used
    COMMON           14     12      12
    BANK0            80      0       0
    BANK1            80      0       0
    BANK2            80      0       0
    BANK3            80      0       0
    BANK4            80      0       0
    BANK5            80      0       0
    BANK6            80      0       0
    BANK7            80      0       0
    BANK8            80      0       0
    BANK9            80      0       0
    BANK10           80      0       0
    BANK11           80      0       0
    BANK12           80      0       0
    BANK13           80      0       0
    BANK14           80      0       0
    BANK15           80      0       0
    BANK16           80      0       0
    BANK17           80      0       0
    BANK18           80      0       0
    BANK19           80      0       0
    BANK20           80      0       0
    BANK21           80      0       0
    BANK22           80      0       0
    BANK23           80      0       0
    BANK24           80      0       0
    BANK25           32      0       0

Pointer List with Targets:

    UART_SendString@table	PTR const unsigned char  size(2) Largest target is 17
		 -> main@table(CODE[17]), 


Critical Paths under _main in COMMON

    _main->_UART_SendString
    _UART_SendString->_UART_SendChar

Critical Paths under _main in BANK0

    None.

Critical Paths under _main in BANK1

    None.

Critical Paths under _main in BANK2

    None.

Critical Paths under _main in BANK3

    None.

Critical Paths under _main in BANK4

    None.

Critical Paths under _main in BANK5

    None.

Critical Paths under _main in BANK6

    None.

Critical Paths under _main in BANK7

    None.

Critical Paths under _main in BANK8

    None.

Critical Paths under _main in BANK9

    None.

Critical Paths under _main in BANK10

    None.

Critical Paths under _main in BANK11

    None.

Critical Paths under _main in BANK12

    None.

Critical Paths under _main in BANK13

    None.

Critical Paths under _main in BANK14

    None.

Critical Paths under _main in BANK15

    None.

Critical Paths under _main in BANK16

    None.

Critical Paths under _main in BANK17

    None.

Critical Paths under _main in BANK18

    None.

Critical Paths under _main in BANK19

    None.

Critical Paths under _main in BANK20

    None.

Critical Paths under _main in BANK21

    None.

Critical Paths under _main in BANK22

    None.

Critical Paths under _main in BANK23

    None.

Critical Paths under _main in BANK24

    None.

Critical Paths under _main in BANK25

    None.

Call Graph Tables:

 ---------------------------------------------------------------------------------
 (Depth) Function   	        Calls       Base Space   Used Autos Params    Refs
 ---------------------------------------------------------------------------------
 (0) _main                                                 4     4      0     130
                                              8 COMMON     4     4      0
                    _UART_SendString
                  _config_logicielle
 ---------------------------------------------------------------------------------
 (1) _config_logicielle                                    0     0      0       0
                    _activate_eusart
                        _assign_pins
                        _config_pins
                 _transmission_speed
 ---------------------------------------------------------------------------------
 (2) _transmission_speed                                   0     0      0       0
 ---------------------------------------------------------------------------------
 (2) _config_pins                                          0     0      0       0
 ---------------------------------------------------------------------------------
 (2) _assign_pins                                          0     0      0       0
 ---------------------------------------------------------------------------------
 (2) _activate_eusart                                      0     0      0       0
 ---------------------------------------------------------------------------------
 (1) _UART_SendString                                      7     3      4     107
                                              1 COMMON     7     3      4
                      _UART_SendChar
 ---------------------------------------------------------------------------------
 (2) _UART_SendChar                                        1     1      0      15
                                              0 COMMON     1     1      0
 ---------------------------------------------------------------------------------
 Estimated maximum stack depth 2
 ---------------------------------------------------------------------------------

 Call Graph Graphs:

 _main (ROOT)
   _UART_SendString
     _UART_SendChar
   _config_logicielle
     _activate_eusart
     _assign_pins
     _config_pins
     _transmission_speed

Address spaces:
Name               Size   Autos  Total    Usage
BITCOMMON           14      0       0      0.0%
BITBANK0            80      0       0      0.0%
BITBANK1            80      0       0      0.0%
BITBANK2            80      0       0      0.0%
BITBANK3            80      0       0      0.0%
BITBANK4            80      0       0      0.0%
BITBANK5            80      0       0      0.0%
BITBANK6            80      0       0      0.0%
BITBANK7            80      0       0      0.0%
BITBANK8            80      0       0      0.0%
BITBANK9            80      0       0      0.0%
BITBANK10           80      0       0      0.0%
BITBANK11           80      0       0      0.0%
BITBANK12           80      0       0      0.0%
BITBANK13           80      0       0      0.0%
BITBANK14           80      0       0      0.0%
BITBANK15           80      0       0      0.0%
BITBANK16           80      0       0      0.0%
BITBANK17           80      0       0      0.0%
BITBANK18           80      0       0      0.0%
BITBANK19           80      0       0      0.0%
BITBANK20           80      0       0      0.0%
BITBANK21           80      0       0      0.0%
BITBANK22           80      0       0      0.0%
BITBANK23           80      0       0      0.0%
BITBANK24           80      0       0      0.0%
BITBANK25           32      0       0      0.0%
BIGRAM            2032      0       0      0.0%
COMMON              14     12      12     85.7%
BANK0               80      0       0      0.0%
BANK1               80      0       0      0.0%
BANK2               80      0       0      0.0%
BANK3               80      0       0      0.0%
BANK4               80      0       0      0.0%
BANK5               80      0       0      0.0%
BANK6               80      0       0      0.0%
BANK7               80      0       0      0.0%
BANK8               80      0       0      0.0%
BANK9               80      0       0      0.0%
BANK10              80      0       0      0.0%
BANK11              80      0       0      0.0%
BANK12              80      0       0      0.0%
BANK13              80      0       0      0.0%
BANK14              80      0       0      0.0%
BANK15              80      0       0      0.0%
BANK16              80      0       0      0.0%
BANK17              80      0       0      0.0%
BANK18              80      0       0      0.0%
BANK19              80      0       0      0.0%
BANK20              80      0       0      0.0%
BANK21              80      0       0      0.0%
BANK22              80      0       0      0.0%
BANK23              80      0       0      0.0%
BANK24              80      0       0      0.0%
BANK25              32      0       0      0.0%
STACK                0      0       0      0.0%
DATA                 0      0      12      0.0%


Microchip Technology PIC Macro Assembler V2.50 build 20240725155939 
Symbol Table                                                                                   Tue Feb 11 12:29:51 2025

                        l11 079C                          l20 07DC                          l14 07A4  
                        l53 0792                          l62 078B                          l56 07AF  
                        l59 079A                          l68 07BC                          u10 07A1  
                        u11 07A0                          u30 07DC                          u31 07DB  
                        u35 07D8                          u47 07F4                         l600 07A5  
                       l602 0793                         l604 0797                         l630 07C0  
                       l606 0798                         l632 07CA                         l608 0787  
                       l640 07E4                         l634 07CE                         l618 07B0  
                       l642 07EF                         l628 07BD                         l636 07DD  
                       l638 07E0                         l594 079C                         l596 07A1  
                       l598 078C                ?_assign_pins 0070                         wreg 0009  
              _BAUD1CONbits 019F           ??_activate_eusart 0070                        _LATC 010E  
                      _TXIF 008C                        _main 07DD                        fsr0h 0005  
                      indf0 0000                        fsr0l 0004                        btemp 007E  
                      start 0002                       ?_main 0070                       _RXPPS 0E24  
          ?_UART_SendString 0071                       wtemp0 007E             __initialization 07FD  
              __end_of_main 07FD                      ??_main 0078                      _RC6PPS 0EA6  
                    _TX1REG 019A          _transmission_speed 0793         ?_transmission_speed 0070  
      ??_transmission_speed 0070       __end_of_UART_SendChar 07A5     __end_of__initialization 07FD  
            __pcstackCOMMON 0070             _activate_eusart 0787                  __pmaintext 07DD  
                   _SP1BRGH 019C                     _SP1BRGL 019B              UART_SendChar@c 0070  
        UART_SendString@len 0073     __end_of_activate_eusart 078C                     __ptext1 07B0  
                   __ptext2 0793                     __ptext3 07A5                     __ptext4 078C  
                   __ptext5 0787                     __ptext6 07BD                     __ptext7 079B  
                   main@len 007A        end_of_initialization 07FD           __end_ofmain@table 0811  
                 _TRISCbits 008E               ??_config_pins 0070            ?_activate_eusart 0070  
             ??_assign_pins 0070         start_initialization 07FD        UART_SendString@table 0071  
          UART_SendString@i 0076         __end_of_config_pins 07B0           ??_UART_SendString 0075  
                 ___latbits 0003         __end_of_assign_pins 0793               _UART_SendChar 079B  
               _config_pins 07A5                 _assign_pins 078C                   main@table 0800  
            ?_UART_SendChar 0070                  _ANSELCbits 018E           _config_logicielle 07B0  
        ?_config_logicielle 0070             _UART_SendString 07BD                  _RC1STAbits 019D  
       ??_config_logicielle 0070  __end_of_transmission_speed 079B             ??_UART_SendChar 0070  
 __end_of_config_logicielle 07BD               __pstringtext1 0800                  _TX1STAbits 019E  
   __end_of_UART_SendString 07DD                ?_config_pins 0070  
